1. App.java - 244 lines 
2. ChartController.java - 102 lines 
3. Controller.java - 8 lines 
4. Dataset.java - 164 lines 
5. DatasetManager.java - 219 lines 
6. Entry.java - 84 lines 
7. FileIsLoadedException.java - 41 lines 
8. FileIsNullException.java - 15 lines 
9. FloatField.java - 104 lines 
10. IntegerField.java - 76 lines 
11. JsonMapper.java - 42 lines 
12. MainController.java - 1124 lines 
13. MainModel.java - 341 lines 
14. PropertyItem.java - 63 lines 
15. Session.java - 60 lines 
16. Settings.java - 349 lines 
17. SettingsManager.java - 91 lines 
18. TableController.java - 102 lines 
-------------------------------- 
Total data: 18 files, 3229 lines 
