1. App.java - 234 lines 
2. ChartController.java - 102 lines 
3. Controller.java - 8 lines 
4. Dataset.java - 147 lines 
5. DatasetManager.java - 213 lines 
6. Entry.java - 84 lines 
7. FileIsLoadedException.java - 41 lines 
8. FileIsNullException.java - 15 lines 
9. FloatField.java - 69 lines 
10. IntegerField.java - 47 lines 
11. JsonMapper.java - 39 lines 
12. MainController.java - 1116 lines 
13. MainModel.java - 341 lines 
14. PropertyItem.java - 63 lines 
15. Session.java - 33 lines 
16. Settings.java - 330 lines 
17. SettingsManager.java - 88 lines 
18. TableController.java - 107 lines 
-------------------------------- 
Total data: 18 files, 3077 lines 
