1. App.java - 223 lines 
2. ChartController.java - 67 lines 
3. Controller.java - 8 lines 
4. Dataset.java - 109 lines 
5. DatasetManager.java - 119 lines 
6. Entry.java - 76 lines 
7. FileIsLoadedException.java - 20 lines 
8. FileIsNullException.java - 20 lines 
9. FloatField.java - 59 lines 
10. IntegerField.java - 47 lines 
11. JsonMapper.java - 39 lines 
12. MainController.java - 913 lines 
13. MainModel.java - 341 lines 
14. PropertyItem.java - 63 lines 
15. Session.java - 29 lines 
16. Settings.java - 172 lines 
17. SettingsManager.java - 86 lines 
18. TableController.java - 107 lines 
-------------------------------- 
Total data: 18 files, 2498 lines 
